
================================================================================
QA Test Run - 2025-10-12T18:32:58.493Z
Task ID: d631e40c-11a4-4479-b430-714ce0650d84
Workflow ID: d631e40c-11a4-4479-b430-714ce0650d84
Status: PASS
Duration: 790ms
================================================================================

{"status": "pass"}

================================================================================

================================================================================
QA Test Run - 2025-10-12T18:34:29.584Z
Task ID: d631e40c-11a4-4479-b430-714ce0650d84
Workflow ID: d631e40c-11a4-4479-b430-714ce0650d84
Status: PASS
Duration: 358ms
================================================================================

{
  "status": "pass"
}

================================================================================

================================================================================
QA Test Run - 2025-10-12T18:36:30.344Z
Task ID: d631e40c-11a4-4479-b430-714ce0650d84
Workflow ID: d631e40c-11a4-4479-b430-714ce0650d84
Status: PASS
Duration: 309ms
================================================================================

{"status": "pass"}

================================================================================

================================================================================
QA Test Run - 2025-10-12T18:39:01.250Z
Task ID: d631e40c-11a4-4479-b430-714ce0650d84
Workflow ID: d631e40c-11a4-4479-b430-714ce0650d84
Status: PASS
Duration: 149ms
================================================================================

{"status": "pass"}

================================================================================
