
================================================================================
QA Test Run - 2025-10-18T21:51:08.261Z
Task ID: 7d6636d8-ee60-4149-b744-766672a9d489
Workflow ID: 7d6636d8-ee60-4149-b744-766672a9d489
Branch: milestone/local-log-ingestion
Status: UNKNOWN
Duration: 17897ms
================================================================================

**Test Execution Results**

1. **Test Framework Detected**: vitest
2. **Pass/Fail Status with Counts**:
	* 3 passed
	* 0 failed
	* 0 skipped
3. **Failed Test Details**: None
4. **Potential Root Causes for Failures**: None

**Linter/Type-Checker Results**

Running `npm run lint` and `npm run type-check`:

* Linting: No issues found.
* Type Checking: No issues found.

**TDD Red Phase Detection**

No payload property indicates that this is not a TDD Red phase execution. Therefore, no special handling for creating failing tests is applied.

**Summary**

All tests pass, and there are no linter or type-checker errors. The project appears to be in a good state.

**Actionable Feedback**

* Review the test coverage to ensure it's comprehensive.
* Consider adding more tests to cover edge cases.
* Verify that the `fileIngest` function behaves correctly with different input files.

**Additional Information**

The `vite.config.ts` file is properly configured, and the `package.json` file includes the necessary scripts for building and developing the project. The `tsconfig.json` file is also well-configured to include the source directory.

The `README.md` file provides a clear overview of the project's components, including the `src/ingestion.ts` and `src/ingest/fileIngest.ts` files.

The `src/ingest/logSummarizer.test.ts` and `src/ingest/fileIngest.test.ts` files contain tests for the `fileIngest` function. The `src/ingest/logEntry.ts` file defines the `LogEntry` interface, which is used by the `fileIngest` function.

Overall, the project appears to be well-structured and test-covered.

================================================================================
