
================================================================================
QA Test Run - 2025-10-13T00:39:11.432Z
Task ID: 239e460b-cd26-46c7-a7c3-c3f4fab94848
Workflow ID: 239e460b-cd26-46c7-a7c3-c3f4fab94848
Branch: milestone/local-log-ingestion
Status: PASS
Duration: 994ms
================================================================================

```json
{
  "status": "pass",
  "tdd_red_phase_detected": false
}
```

================================================================================

================================================================================
QA Test Run - 2025-10-13T00:40:40.768Z
Task ID: 239e460b-cd26-46c7-a7c3-c3f4fab94848
Workflow ID: 239e460b-cd26-46c7-a7c3-c3f4fab94848
Branch: milestone/local-log-ingestion
Status: PASS
Duration: 455ms
================================================================================

```json
{
  "status": "pass"
}
```

================================================================================
