
================================================================================
QA Test Run - 2025-10-19T03:00:21.749Z
Task ID: 905e66ec-ab49-46b2-91b5-971a3829ab00
Workflow ID: 905e66ec-ab49-46b2-91b5-971a3829ab00
Branch: milestone/local-log-ingestion
Status: UNKNOWN
Duration: 17491ms
================================================================================

**Test Execution Results**

Based on the provided project files and context, I've detected the following:

1. **Test Framework:** No test framework found in the provided code.
2. **Pass/Fail Status:** Not applicable (no tests found).
3. **Failed Test Details:** None.
4. **Potential Root Causes:**
	* Missing dependencies: The `package.json` file mentions installing `@types/json`, but it's not clear if other dependencies are missing or outdated.
	* Configuration issues: The `tsconfig.json` file seems to be correctly configured, but there might be issues with the project structure or file organization.
5. **Linter/Type-Checker Results:** Not available (no linter/type-checker configuration found).

**Additional Observations**

* There are no test files in the provided codebase (`src/ingest/logSummarizer.test.ts` and `src/ingest/fileIngest.test.ts` seem to be empty).
* The `README.md` file mentions a `fileIngest` function, but there's no implementation or documentation for it.
* The `vite.config.ts` file is correctly configured, and the `package.json` file has a script for installing dependencies.

**Recommendations**

1. Install a test framework (e.g., Jest, Vitest) and write tests for the `fileIngest` function.
2. Implement the `fileIngest` function in `src/ingest/fileIngest.ts`.
3. Add linter/type-checker configuration to ensure code quality and catch errors early.

**TDD Awareness**

Since there's no indication of a TDD Red phase, I'll assume it's not applicable. If you'd like to create a failing test for the `fileIngest` function, please provide more context or instructions on how to proceed.

================================================================================
