
================================================================================
QA Test Run - 2025-10-19T04:17:06.171Z
Task ID: e09f5f79-2d13-4aca-b0bc-1d44a6655532
Workflow ID: e09f5f79-2d13-4aca-b0bc-1d44a6655532
Branch: milestone/local-log-ingestion
Status: UNKNOWN
Duration: 23676ms
================================================================================

**Test Execution Results**

1. **Test Framework Detected**: vitest
2. **Pass/Fail Status with Counts**:
	* Passed: 0
	* Failed: 2
	* Skipped: 0
3. **Failed Test Details**:

### File Ingest Test Failure

*   **File:** `src/ingest/fileIngest.test.ts`
*   **Test Name:** `should read a JSON file and return an array of log entries`
*   **Error Message:** `TypeError: Cannot read properties of undefined (reading 'readJsonFile')`
*   **Stack Trace:**
    ```
    at Object.<anonymous> (src/ingest/fileIngest.test.ts:6:17)
    at importModuleContext (node_modules/vitest/bin/test.js:1:1)
    at require (node_modules/vitest/bin/test.js:1:3)
    at src/ingest/fileIngest.test.ts:2:11
    ```
*   **Potential Root Cause:** The `FileIngest` class is not properly exported or imported, leading to an undefined reference.

### Log Ingestion Test Failure

*   **File:** `src/ingest/logSummarizer.test.ts`
*   **Test Name:** `should return an array of log entries`
*   **Error Message:** `TypeError: Cannot read properties of undefined (reading 'readFileSync')`
*   **Stack Trace:**
    ```
    at Object.<anonymous> (src/ingest/logSummarizer.test.ts:8:17)
    at importModuleContext (node_modules/vitest/bin/test.js:1:1)
    at require (node_modules/vitest/bin/test.js:1:3)
    at src/ingest/logSummarizer.test.ts:2:11
    ```
*   **Potential Root Cause:** The `fs` module is not properly imported or configured, leading to an undefined reference.

### Linter/Type-Checker Results

No linter/type-checker results are available for this project.

**Actionable Feedback**

1.  Review the import statements in both test files and ensure that they correctly import the necessary classes and modules.
2.  Verify that the `FileIngest` class is properly exported from its respective file.
3.  Investigate why the `fs` module is not being recognized, and either fix the import statement or use an alternative method to read files.

**TDD Awareness**

No TDD red phase detected for this test run.

================================================================================
