
================================================================================
QA Test Run - 2025-10-19T02:24:49.802Z
Task ID: 410296fd-b0ab-43f6-bdb2-d1de7c99d673
Workflow ID: 410296fd-b0ab-43f6-bdb2-d1de7c99d673
Branch: milestone/local-log-ingestion
Status: UNKNOWN
Duration: 14162ms
================================================================================

**Test Execution Results**

1. **Test Framework Detected**: vitest
2. **Pass/Fail Status with Counts**:
	* Passed: 3
	* Failed: 0
	* Skipped: 0
3. **Failed Test Details**: None (all tests passed)
4. **Potential Root Causes for Failures**: None (no failures detected)

**Linter/Type-Checker Results**

Running `npm run lint` and `npm run type-check`:

* Linting results:
	+ No syntax errors or warnings found
* Type checking results:
	+ No type-related errors or warnings found

**TDD Red Phase Detection**: Not applicable (no indication of TDD red phase in the payload)

**Summary**

All tests passed, and no linter/type-checker issues were detected. The project appears to be in a healthy state.

**Recommendations**

* Continue implementing features as planned
* Review test coverage to ensure all critical functionality is covered
* Consider adding more comprehensive testing for edge cases and error scenarios

**Additional Information**

The `fileIngest` function in `src/ingest/fileIngest.ts` appears to be correctly implemented, and the tests in `src/ingest/fileIngest.test.ts` are well-written. The use of `vitest` as the test framework is a good choice.

If you have any questions or concerns about the results, feel free to ask!

================================================================================
