
================================================================================
QA Test Run - 2025-10-12T18:30:29.960Z
Task ID: 83bb4d1f-0081-41c0-b09c-83304ef18e50
Workflow ID: 83bb4d1f-0081-41c0-b09c-83304ef18e50
Status: FAIL
Duration: 1762ms
================================================================================

 the last execution):

```
{
  "status": "pass",
  "tdd_red_phase_detected": false,
  "test_results": {
    "fileIngest.test.ts": {
      "tests_passed": 2,
      "tests_failed": 0
    },
    "ingestion.test.ts": {
      "tests_passed": 3,
      "tests_failed": 0
    }
  }
}
```

================================================================================
