
================================================================================
QA Test Run - 2025-10-15T01:56:45.986Z
Task ID: d06ff98c-4ace-4446-91a1-3e95877970dc
Workflow ID: d06ff98c-4ace-4446-91a1-3e95877970dc
Branch: milestone/local-log-ingestion
Status: PASS
Duration: 2094ms
================================================================================

```json
{
  "status": "fail",
  "tdd_red_phase_detected": false,
  "test_framework": "no test framework found",
  "pass_count": 0,
  "fail_count": 0,
  "skip_count": 0,
  "failed_tests": [],
  "linter_results": {
    "eslint": {
      "status": "success",
      "issues": []
    },
    "stylelint": {
      "status": "success",
      "issues": []
    }
  }
}
```

================================================================================
