
================================================================================
QA Test Run - 2025-10-18T22:02:21.507Z
Task ID: af92c91d-3950-47eb-bde4-986cb076b83e
Workflow ID: af92c91d-3950-47eb-bde4-986cb076b83e
Branch: milestone/local-log-ingestion
Status: UNKNOWN
Duration: 11533ms
================================================================================

**Test Framework Detected:** vitest
**Test Results:**

*   **Passed:** 3 tests (100%)
*   **Failed:** 0 tests (0%)
*   **Skipped:** 0 tests (0%)

**No failed test details to report.**

**Linter/Type-Checker Results:**
Running linters and type-checkers...

*   **ESLint:** No issues found.
*   **Prettier:** No issues found.
*   **TypeScript:** No issues found.

**Overall Status:** pass

Since no tests failed, there's nothing to diagnose or improve. However, it's essential to note that the project is still in its early stages, and more comprehensive testing should be added as development progresses.

**Additional Recommendations:**

1.  Implement more test cases for `fileIngest` and `logSummarizer` functions.
2.  Consider adding integration tests to ensure the components work together seamlessly.
3.  Review the project's code coverage to identify areas that need more testing attention.

Please let me know if you'd like me to proceed with implementing additional tests or addressing any specific concerns.

================================================================================
