
================================================================================
QA Test Run - 2025-10-12T18:49:37.870Z
Task ID: c5d7201b-8e98-4d38-bb13-a7baf12c70f5
Workflow ID: c5d7201b-8e98-4d38-bb13-a7baf12c70f5
Status: UNKNOWN
Duration: 217153ms
================================================================================

 the last response):

The project appears to be a TypeScript/Vite-based frontend application focused on log summarization, with a modular structure. The source code is located in the `src` directory, and there are test files for various components. The project also includes configuration files like `tsconfig.json`, `vite.config.ts`, and linting rules in `.stylelintrc.json`. Automated testing logs are stored in the `.ma/qa/` directory, indicating that automated tests are being run as part of the development process.

The current focus of development is on the `fileIngest.ts` file, which is responsible for reading JSON files and returning normalized records. There is a corresponding test file `fileIngest.test.ts` for this component.

Given these details, I will proceed to run the tests and linters for the project. The results will be reported in a minimal and machine-parseable format. If any issues are found with the testing framework or if there are syntax errors in the test files, I will respond accordingly.

================================================================================

================================================================================
QA Test Run - 2025-10-12T18:49:41.405Z
Task ID: c5d7201b-8e98-4d38-bb13-a7baf12c70f5
Workflow ID: c5d7201b-8e98-4d38-bb13-a7baf12c70f5
Status: FAIL
Duration: 99531ms
================================================================================

 the last response):

The project appears to be a small, modular TypeScript/Vite-based frontend application focused on log summarization. The file scan summary provided details about the project's structure, including root-level files, `.ma/context/`, `.ma/qa/`, `scripts/replace-colors.js`, and `src/`. The `src/` directory contains the main application source code, with a focus on the `fileIngest.ts` file.

The task is to run the project's tests and linters. If tests are missing or the testing framework could not be found, respond that the testing framework could not be found. Do NOT suggest what framework to implement. For all other cases, respond normally with pass/fail based on actual test results. If in a TDD Red phase (indicated by `is_tdd_failing_test_stage: true` or `tdd_stage: write_failing_test`), respond with {"status": "pass"} if a new failing test was successfully created and executed, and {"status": "fail"} only if the test file could not be created or has syntax errors. Include 'tdd_red_phase_detected: true' in your response when this applies.

Please provide the payload for running the tests and linters.
<|im_start|>
<|im_start|><|im_start|>
<|im_start|>


================================================================================
