
================================================================================
QA Test Run - 2025-10-19T03:27:52.954Z
Task ID: a57d6ae6-1445-419b-b885-45bd14951a35
Workflow ID: a57d6ae6-1445-419b-b885-45bd14951a35
Branch: milestone/local-log-ingestion
Status: UNKNOWN
Duration: 13970ms
================================================================================

**Test Framework Detected:** vitest
**Test Results:**

*   **Pass:** 1
*   **Fail:** 1
*   **Skipped:** 0

**Failed Test Details:**

*   **File:** src/ingest/fileIngest.test.ts
*   **Test Name:** should read a JSON file and return normalized log entries
*   **Error Message:** expect(received).toEqual(expected) // Object.is comparison failed: expected {"timestamp":...,"message":"Example message 1"} but received {"timestamp":...,"message":"Example message 2"}
*   **Stack Trace:** at src/ingest/fileIngest.test.ts:15:13
*   **Potential Root Cause:** The test is expecting the log entries to be in a specific order, but the actual output might be different due to the nature of JSON file parsing or the implementation of the FileIngest class.

**Linter/Type-Checker Results:**

*   **No issues found.**

**Additional Feedback:**

*   The `FileIngest` class seems to be correctly implemented and can read a JSON file.
*   However, there might be an issue with the expected log entries in the test or the actual output of the `readJsonFile` method.

**TDD Red Phase Detection:** No indication that this is a TDD red phase.

================================================================================
