
================================================================================
QA Test Run - 2025-10-18T14:03:17.444Z
Task ID: 004c60d8-68a8-4060-ab5c-e8a364fb085c
Workflow ID: bfa93fc1-81ed-4836-ae75-0f0888eaf0ed
Branch: milestone/local-log-ingestion
Status: PASS
Duration: 567ms
================================================================================

```json
{
  "status": "pass",
  "tdd_red_phase_detected": false
}
```

================================================================================

================================================================================
QA Test Run - 2025-10-18T14:04:00.426Z
Task ID: 004c60d8-68a8-4060-ab5c-e8a364fb085c
Workflow ID: bfa93fc1-81ed-4836-ae75-0f0888eaf0ed
Branch: milestone/local-log-ingestion
Status: PASS
Duration: 629ms
================================================================================

```json
{
  "status": "pass",
  "tdd_red_phase_detected": false
}
```

================================================================================
