
================================================================================
QA Test Run - 2025-10-18T21:33:23.395Z
Task ID: 4208fb71-9597-4671-8a9d-cac8586a5d94
Workflow ID: 4208fb71-9597-4671-8a9d-cac8586a5d94
Branch: milestone/local-log-ingestion
Status: PASS
Duration: 17653ms
================================================================================

**Test Framework Detected:** vitest
**Test Results:**
```markdown
## Test Suite Execution Summary

### Passed (2)
* src/ingest/fileIngest.test.ts
* src/ingest/logSummarizer.test.ts

### Failed (0)

### Skipped (0)
```
**Linter/Type-Checker Results:** No issues found.

**No TDD Red Phase Detected:** `is_tdd_failing_test_stage` and `tdd_stage` are not present in the payload.

**Additional Feedback:**

1. The project seems to be using Vite with React plugin.
2. TypeScript configuration is set up correctly, including type roots and interop settings.
3. There are two test files (`fileIngest.test.ts` and `logSummarizer.test.ts`) that cover the `fileIngest` function and log summarization logic respectively.

**Recommendations:**

1. Ensure all dependencies are installed by running `npm install`.
2. Run tests using `npm run test` or `vitest` command.
3. If you're in a TDD cycle, consider adding more test cases to cover edge scenarios.
4. Review the project's code coverage and aim for 100% coverage.

**Full Test Details:**

```json
{
  "status": "pass",
  "test_results": {
    "passed": [
      {
        "file": "src/ingest/fileIngest.test.ts",
        "tests_passed": 2,
        "duration": 10.23
      },
      {
        "file": "src/ingest/logSummarizer.test.ts",
        "tests_passed": 3,
        "duration": 8.12
      }
    ],
    "failed": [],
    "skipped": []
  },
  "linter_results": {},
  "tdd_red_phase_detected": false
}
```

================================================================================
