
================================================================================
QA Test Run - 2025-10-18T18:12:29.958Z
Task ID: c633ac66-3d15-4e43-a622-8dacc7822aec
Workflow ID: c633ac66-3d15-4e43-a622-8dacc7822aec
Branch: milestone/local-log-ingestion
Status: FAIL
Duration: 3287ms
================================================================================

```json
{
  "status": "fail",
  "test_framework_detected": "jest",
  "pass_count": 0,
  "fail_count": 1,
  "skip_count": 0,
  "failed_tests": [
    {
      "test_name": "should read JSON file and return normalized records",
      "error_message": "Expected [ 'path/to/log.json' ] to be an instance of Array.",
      "stack_trace": "Error: Expected [ 'path/to/log.json' ] to be an instance of Array.\n    at Object.<anonymous> (/path/to/src/ingest/fileIngest.test.ts:7:25)\n    at runMicrotasks (<anonymous>)\n    at processTicksAndRejections (node:internal/process/task_queues:96:5)"
    }
  ],
  "potential_root_causes": [
    "The test is expecting a JSON file to be read and return normalized records, but the actual implementation might not be reading the file correctly or returning the expected data."
  ]
}
```

================================================================================
