
================================================================================
QA Test Run - 2025-10-18T21:47:56.500Z
Task ID: c3fcb099-7461-4b6a-9148-0461399302c9
Workflow ID: c3fcb099-7461-4b6a-9148-0461399302c9
Branch: milestone/local-log-ingestion
Status: UNKNOWN
Duration: 16984ms
================================================================================

**Test Framework Detected:** vitest
**Test Results:**
```markdown
## Test Suite Summary

* Total Tests: 2
* Passed: 1
* Failed: 1
* Skipped: 0

### Failed Test Details:

#### fileIngest test (src/ingest/fileIngest.test.ts)

* Error Message: `TypeError: Cannot read properties of undefined (reading 'timestamp')`
* Stack Trace:
```javascript
at Object.<anonymous> (src/ingest/fileIngest.test.ts:12:17)
at Object.<anonymous> (src/ingest/fileIngest.test.ts:1:1)
```

### Potential Root Cause:

The error suggests that the `fileIngest` function is returning `undefined`, which is then being accessed as an object. This could be due to a missing dependency or a configuration issue in the `tsconfig.json` file.

### Linter/Type-Checker Results:

* No linter/type-checker errors found.
```

**TDD Red Phase Detection:** Not detected (is_tdd_failing_test_stage: false, tdd_stage: not present)

**Actionable Feedback:**

1. Review the `fileIngest` function to ensure it is returning a valid object.
2. Check the dependencies in the `package.json` file and install any missing packages.
3. Verify that the `tsconfig.json` file is correctly configured.

**Next Steps:**

1. Address the failed test by fixing the `fileIngest` function or updating the test to expect the correct output.
2. Run the test suite again to ensure all tests pass.
```bash
npm run test
```
3. If necessary, update the project files and commit changes to the repository.

================================================================================
