
================================================================================
QA Test Run - 2025-10-18T21:18:34.144Z
Task ID: 1d833999-72a1-45dc-8c96-51b72afc5ec9
Workflow ID: 1d833999-72a1-45dc-8c96-51b72afc5ec9
Branch: milestone/local-log-ingestion
Status: UNKNOWN
Duration: 17998ms
================================================================================

**Test Framework Detected:** vitest
**Test Results:**

* Total tests run: 1
* Passed: 0
* Failed: 1
* Skipped: 0

**Failed Test Details:**

* File: `src/ingest/fileIngest.test.ts`
* Test Name: `should read and parse JSON files`
* Error Message:
```
TypeError: Cannot read properties of undefined (reading 'timestamp')
    at fileIngest (src/ingest/fileIngest.ts:10:17)
    at Object.<anonymous> (src/ingest/fileIngest.test.ts:5:13)
```
Stack Trace:
```
  at fileIngest (src/ingest/fileIngest.ts:10:17)
  at Object.<anonymous> (src/ingest/fileIngest.test.ts:5:13)
  at Object.<anonymous> (src/ingest/fileIngest.test.ts:1:11)
  at vitest.runTest (node_modules/vitest/bin/vitest.js:123:7)
```
**Potential Root Cause:** The `fileIngest` function is not correctly parsing the JSON file, resulting in an undefined object being passed to the test.

**Linter/Type-Checker Results:**

* No linter or type-checker errors were found.

**TDD Red Phase Detection:** Not detected (no payload indicating TDD failing test stage)

**Actionable Feedback:**

1. Review the `fileIngest` function in `src/ingest/fileIngest.ts` to ensure it correctly parses JSON files.
2. Update the test in `src/ingest/fileIngest.test.ts` to handle potential edge cases or errors.

**Additional Suggestions:**

* Consider adding more tests for the `fileIngest` function to cover different scenarios and error handling.
* Review the project's dependencies and ensure they are up-to-date and correctly installed.

================================================================================
