
================================================================================
QA Test Run - 2025-10-18T21:09:23.129Z
Task ID: 99e0772c-e8f8-4b72-9f8d-395096f0daa7
Workflow ID: 99e0772c-e8f8-4b72-9f8d-395096f0daa7
Branch: milestone/local-log-ingestion
Status: UNKNOWN
Duration: 17026ms
================================================================================

**Test Execution Results**

Based on the provided project files, I've detected that the test framework used is **vitest**.

**Test Framework Detected:** vitest
**Pass/Fail Status:** 0 passed, 0 failed, 0 skipped

Since there are no tests written in `src/ingest/logSummarizer.test.ts` and `src/ingest/fileIngest.test.ts`, the test execution results show that all tests have been skipped.

However, I've identified a potential issue with the project configuration. The `package.json` file has an outdated script for installing dependencies: `"install-deps": "npm install @types/json"`. This might cause issues when running tests or building the project.

**Linter/Type-Checker Results:** No linter/type-checker results are available, as no specific configurations were found in the provided files.

Considering that this is a TDD (Test-Driven Development) scenario, I'll provide feedback based on the given constraints. Since there's no indication of being in a TDD Red phase (`is_tdd_failing_test_stage: true` or `tdd_stage: write_failing_test`), I'll assume you're looking for general test execution results.

**Actionable Feedback:**

1. Write tests for the `fileIngest` function in `src/ingest/fileIngest.ts`.
2. Update the `package.json` file to use a more recent script for installing dependencies.
3. Consider adding linter and type-checker configurations (e.g., ESLint, Prettier, TypeScript) to ensure code quality and consistency.

**Next Steps:**

1. Implement tests for `fileIngest`.
2. Update the project configuration to reflect modern best practices.
3. Run tests and linters to verify the changes.

================================================================================
