
================================================================================
QA Test Run - 2025-10-19T02:44:16.457Z
Task ID: fd7a4001-3980-47a9-b7a3-8ed658318766
Workflow ID: fd7a4001-3980-47a9-b7a3-8ed658318766
Branch: milestone/local-log-ingestion
Status: UNKNOWN
Duration: 18823ms
================================================================================

**Test Execution Results**

1. **Test Framework Detected**: vitest
2. **Pass/Fail Status with Counts**:
   - Passed: 3
   - Failed: 0
   - Skipped: 0

**No failed tests found in the test suite. All tests passed successfully.**

However, since no failing tests were created during this execution, we cannot determine if the TDD Red phase was successful.

**Linter/Type-Checker Results**: No linter or type-checker results are available as they are not configured for this project.

**Additional Feedback**:

* The `src/ingest/fileIngest.test.ts` file contains a test that expects `fileIngest(filePath)` to resolve to an array with one element. However, the implementation of `fileIngest` in `src/ingest/fileIngest.ts` is not provided, and it's unclear if this expectation is correct.
* The `README.md` file mentions that `src/ingest/fileIngest.ts` reads JSON files and returns normalized log entries. However, there is no implementation of a function to read JSON files in the provided code.

**Recommendations**:

1. Implement the `fileIngest` function in `src/ingest/fileIngest.ts` to read JSON files and return normalized log entries.
2. Update the test in `src/ingest/fileIngest.test.ts` to reflect the correct behavior of the `fileIngest` function.
3. Configure linters and type-checkers for this project to ensure code quality and catch potential issues early.

**TDD Red Phase Detection**: Since no failing tests were created during this execution, we cannot determine if the TDD Red phase was successful. To create a failing test, you can modify the `src/ingest/fileIngest.test.ts` file to intentionally introduce an error or incorrect behavior in the `fileIngest` function.

**Next Steps**: Implement the `fileIngest` function and update the tests accordingly.

================================================================================
