
================================================================================
QA Test Run - 2025-10-18T22:00:22.586Z
Task ID: a9d790c7-89dd-4e3b-90a0-978360d5ea07
Workflow ID: a9d790c7-89dd-4e3b-90a0-978360d5ea07
Branch: milestone/local-log-ingestion
Status: UNKNOWN
Duration: 15560ms
================================================================================

**Test Execution Results**

1. **Test Framework Detected**: vitest
2. **Pass/Fail Status with Counts**:
	* Passed: 3
	* Failed: 0
	* Skipped: 0
3. **Failed Test Details (None)**: No failed tests were encountered.
4. **Potential Root Causes for Failures (None)**: No potential root causes were identified.

**Linter/Type-Checker Results**

Running `npm run lint` and `npm run type-check`:

* Linting results:
	+ No linting errors or warnings were found.
* Type checking results:
	+ No type checking errors or warnings were found.

**TDD Red Phase Detection (None)**: The payload does not indicate that it's a TDD red phase.

**Overall Status**: pass

**Additional Feedback**

The project appears to be well-structured, and the codebase is clean. However, there are no test files for `src/ingest/logSummarizer.ts`. It would be beneficial to add tests for this file to ensure its functionality is properly covered.

**Recommendations**

1. Add tests for `src/ingest/logSummarizer.ts`.
2. Consider adding more comprehensive testing for the project, including edge cases and error handling scenarios.
3. Review the codebase for any potential issues or areas for improvement.

**Next Steps**

Based on the existing tasks in the project, it appears that implementing `src/ingest/fileIngest.ts` is still in progress. Once this task is completed, additional testing and review can be performed to ensure the project's functionality meets expectations.

================================================================================
