
================================================================================
QA Test Run - 2025-10-18T21:05:47.502Z
Task ID: bd62877b-6435-487f-91a5-c55c4f456836
Workflow ID: bd62877b-6435-487f-91a5-c55c4f456836
Branch: milestone/local-log-ingestion
Status: UNKNOWN
Duration: 14901ms
================================================================================

**Test Execution Results**

1. **Test Framework Detected**: vitest
2. **Pass/Fail Status with Counts**:
	* Passed: 3
	* Failed: 0
	* Skipped: 0
3. **Failed Test Details**: None (all tests passed)
4. **Potential Root Causes for Failures**: None (no failures detected)

**Linter/Type-Checker Results**

Running `npm run lint` and `npm run type-check`:

* Linting results:
	+ No linting errors found
* Type checking results:
	+ No type checking errors found

**TDD Red Phase Detection**: Not applicable, as no TDD stage was specified in the payload.

**Summary**

All tests passed, and no linter/type-checker issues were detected. The project appears to be in a healthy state.

**Actionable Feedback**

* Review the test coverage to ensure that all critical functionality is covered.
* Consider adding more comprehensive testing for edge cases and error scenarios.
* Verify that the project's dependencies are up-to-date and correctly configured.

**Additional Information**

The `vite.config.ts` file appears to be correctly configured, and the `package.json` file includes a script for installing dependencies. The `tsconfig.json` file specifies the target as ES2022, which is compatible with the current JavaScript ecosystem.

The project's structure and organization seem reasonable, with clear separation of concerns between components. However, it may be beneficial to consider adding more documentation or comments to explain the purpose and behavior of each component.

================================================================================
