
================================================================================
QA Test Run - 2025-10-18T21:20:40.322Z
Task ID: b7b2cd2a-fc29-4ae3-ab5e-bc4c4988f7d8
Workflow ID: b7b2cd2a-fc29-4ae3-ab5e-bc4c4988f7d8
Branch: milestone/local-log-ingestion
Status: UNKNOWN
Duration: 15247ms
================================================================================

**Test Framework Detected:** vitest
**Test Results:**
```markdown
## Test Summary

* Total Tests: 2
* Passed: 1
* Failed: 1
* Skipped: 0

### Failed Test Details

#### fileIngest test (src/ingest/fileIngest.test.ts)

* Error Message: expect(received).toBeInstanceOf(Object) Received has type: [object Object]
* Stack Trace:
```
at src/ingest/fileIngest.test.ts:8:15
at async fileIngest (src/ingest/fileIngest.ts:10:13)
at test (src/ingest/fileIngest.test.ts:6:17)

### Potential Root Cause

The `fileIngest` function is not correctly parsing the JSON file. This could be due to a missing dependency or configuration issue.

### Linter Results

* No linter errors found.
```

**Linter/Type-Checker Results:** No issues found.

**TDD Red Phase Detection:**
No indication of TDD red phase detected in the payload.

**Actionable Feedback:**

1. Review the `fileIngest` function to ensure it is correctly parsing JSON files.
2. Check the dependencies and configuration files for any potential issues.
3. Run the test again after making any necessary changes.

**Additional Notes:**

* The `fileIngest` function in `src/ingest/fileIngest.ts` is not being imported correctly. Make sure to use the correct import statement.
* Consider adding more tests to cover different scenarios and edge cases.

================================================================================
