
================================================================================
QA Test Run - 2025-10-18T21:29:56.516Z
Task ID: c7ce6e51-ebc5-4ec2-8309-242f94ee24df
Workflow ID: c7ce6e51-ebc5-4ec2-8309-242f94ee24df
Branch: milestone/local-log-ingestion
Status: UNKNOWN
Duration: 17220ms
================================================================================

**Test Framework Detected:** vitest
**Test Results:**
```markdown
# Test Suite Summary

## Passed Tests: 3
- fileIngest.test.ts (1 test passed)
- logSummarizer.test.ts (0 tests passed)

## Failed Tests: 1
- fileIngest.test.ts (1 test failed)
  - `should read and parse JSON files`: expected data to be an instance of Object, but got undefined

## Skipped Tests: 0

# Linter Results:
No linter errors found.

# Potential Root Cause for Failure:
The failure is likely due to missing dependencies or configuration issues. The test fileIngest.test.ts is trying to read a JSON file at 'path/to/example.json', which might not exist or be correctly configured.

# Actionable Feedback:

1. Check the `fileIngest` function in `src/ingest/fileIngest.ts` to ensure it's correctly implemented and returns an instance of Object.
2. Verify that the JSON file at 'path/to/example.json' exists and is correctly formatted.
3. Update the test file `fileIngest.test.ts` to use a mock or sample data if the actual file path is not reliable.

# TDD Red Phase Detection:
No TDD red phase detected (is_tdd_failing_test_stage: false, tdd_stage: undefined)
```
**Failed Test Details:**

```markdown
### Failed Test: `should read and parse JSON files` in fileIngest.test.ts

* Expected: data to be an instance of Object
* Actual: undefined

Stack Trace:
at fileIngest (src/ingest/fileIngest.ts:10)
```

**Linter Results:** No linter errors found.

Please investigate the potential root cause for failure and update the test or code accordingly.

================================================================================
