
================================================================================
Planning Iteration - 2025-10-21T02:34:32.323Z
Task ID: b13a25e9-5a71-447e-83ae-d5186cc2f807
Workflow ID: b13a25e9-5a71-447e-83ae-d5186cc2f807
Branch: milestone/foundation-config
Iteration: 1
Has Breakdown: false
Has Risks: true
Duration: 26131ms
================================================================================

```json
{
  "plan": [
    {
      "goal": "Review existing project files for reference",
      "key_files": ["vite.config.ts", "package.json", "tsconfig.json"],
      "owners": ["lead_engineer"],
      "dependencies": [],
      "acceptance_criteria": [
        "Understand the current configuration and setup of the project",
        "Identify potential areas for improvement"
      ]
    },
    {
      "goal": "Plan the implementation of config loader and schema validation",
      "key_files": ["src/ingest/fileIngest.ts", "src/ingest/logSummarizer.ts"],
      "owners": ["lead_engineer"],
      "dependencies": [
        "Review existing project files for reference"
      ],
      "acceptance_criteria": [
        "Create a high-level design for the config loader and schema validation",
        "Identify potential technical challenges and risks"
      ]
    },
    {
      "goal": "Develop the config loader and schema validation functionality",
      "key_files": ["src/ingest/fileIngest.ts", "src/ingest/logSummarizer.ts"],
      "owners": ["lead_engineer"],
      "dependencies": [
        "Plan the implementation of config loader and schema validation"
      ],
      "acceptance_criteria": [
        "Implement the config loader and schema validation functionality",
        "Test the functionality thoroughly"
      ]
    }
  ],
  "risks": [
    {
      "risk": "Technical debt in existing codebase",
      "mitigation_strategy": "Review existing project files for reference and identify areas for improvement"
    },
    {
      "risk": "Insufficient testing of new functionality",
      "mitigation_strategy": "Develop a comprehensive test plan for the config loader and schema validation functionality"
    }
  ],
  "open_questions": [
    {
      "question": "How will we handle errors in the config loader and schema validation?",
      "answer": ""
    },
    {
      "question": "What are the potential performance implications of implementing schema validation?",
      "answer": ""
    }
  ]
}
```

================================================================================
