
================================================================================
Planning Iteration - 2025-10-19T13:42:32.120Z
Task ID: 373b4617-6076-4cd8-b71f-4c7f4d09871f
Workflow ID: 373b4617-6076-4cd8-b71f-4c7f4d09871f
Branch: milestone/local-log-ingestion
Iteration: 1
Has Breakdown: true
Has Risks: true
Duration: 41353ms
================================================================================

{
  "plan": [
    {
      "goal": "Update the `FileIngest` class in `fileIngest.ts` to properly read JSON files and return normalized records.",
      "key_files": ["src/ingest/fileIngest.ts"],
      "owners": ["Developer"],
      "dependencies": [],
      "acceptance_criteria": [
        "The `FileIngest` class reads JSON files correctly",
        "The `FileIngest` class returns normalized records"
      ],
      "risks": []
    },
    {
      "goal": "Review the tests in `src/ingest/fileIngest.test.ts` to ensure they are accurate and up-to-date.",
      "key_files": ["src/ingest/fileIngest.test.ts"],
      "owners": ["QA Engineer"],
      "dependencies": [
        {
          "step": 1,
          "goal": "Update the `FileIngest` class in `fileIngest.ts` to properly read JSON files and return normalized records."
        }
      ],
      "acceptance_criteria": [
        "The tests in `src/ingest/fileIngest.test.ts` are accurate",
        "The tests in `src/ingest/fileIngest.test.ts` are up-to-date"
      ],
      "risks": []
    },
    {
      "goal": "Update the `tsconfig.json` file as needed to include necessary compiler options for TypeScript.",
      "key_files": ["tsconfig.json"],
      "owners": ["Developer"],
      "dependencies": [
        {
          "step": 1,
          "goal": "Update the `FileIngest` class in `fileIngest.ts` to properly read JSON files and return normalized records."
        }
      ],
      "acceptance_criteria": [
        "The `tsconfig.json` file includes necessary compiler options for TypeScript"
      ],
      "risks": []
    },
    {
      "goal": "Review the tests in `src/ingest/logSummarizer.test.ts` to ensure they are accurate and up-to-date.",
      "key_files": ["src/ingest/logSummarizer.test.ts"],
      "owners": ["QA Engineer"],
      "dependencies": [
        {
          "step": 1,
          "goal": "Update the `FileIngest` class in `fileIngest.ts` to properly read JSON files and return normalized records."
        }
      ],
      "acceptance_criteria": [
        "The tests in `src/ingest/logSummarizer.test.ts` are accurate",
        "The tests in `src/ingest/logSummarizer.test.ts` are up-to-date"
      ],
      "risks": []
    },
    {
      "goal": "Update the `logEntry.ts` interface to match the expected format.",
      "key_files": ["src/ingest/logEntry.ts"],
      "owners": ["Developer"],
      "dependencies": [
        {
          "step": 1,
          "goal": "Update the `FileIngest` class in `fileIngest.ts` to properly read JSON files and return normalized records."
        }
      ],
      "acceptance_criteria": [
        "The `logEntry.ts` interface matches the expected format"
      ],
      "risks": []
    },
    {
      "goal": "Run `npm test` to execute the test suite and verify that all tests pass.",
      "key_files": [],
      "owners": ["QA Engineer"],
      "dependencies": [
        {
          "step": 1,
          "goal": "Update the `FileIngest` class in `fileIngest.ts` to properly read JSON files and return normalized records."
        },
        {
          "step": 2,
          "goal": "Review the tests in `src/ingest/fileIngest.test.ts` to ensure they are accurate and up-to-date."
        },
        {
          "step": 3,
          "goal": "Update the `tsconfig.json` file as needed to include necessary compiler options for TypeScript."
        }
      ],
      "acceptance_criteria": [
        "All tests pass"
      ],
      "risks": []
    }
  ]
}

================================================================================
