
================================================================================
Planning Iteration - 2025-10-19T05:38:06.455Z
Task ID: d2e4dcff-b4fa-483b-afff-d22f598b4803
Workflow ID: d2e4dcff-b4fa-483b-afff-d22f598b4803
Branch: milestone/local-log-ingestion
Iteration: 1
Has Breakdown: false
Has Risks: true
Duration: 17528ms
================================================================================

{
  "plan": [
    {
      "goal": "Implement the `readJsonFile` method in the `FileIngest` class",
      "key_files": ["src/ingest/fileIngest.ts"],
      "owners": ["Developer"],
      "dependencies": [],
      "acceptance_criteria": [
        "The `readJsonFile` method returns a `LogEntry` object when given valid JSON.",
        "The `readJsonFile` method throws an error when given invalid JSON."
      ],
      "risks": []
    },
    {
      "goal": "Add error handling for empty files in the `FileIngest` class",
      "key_files": ["src/ingest/fileIngest.ts"],
      "owners": ["Developer"],
      "dependencies": [
        "Implement the `readJsonFile` method"
      ],
      "acceptance_criteria": [
        "The `readJsonFile` method returns an empty array when given an empty file."
      ],
      "risks": []
    },
    {
      "goal": "Update the `ingestLogRecords` function to use the implemented `FileIngest` methods",
      "key_files": ["src/ingestion.ts"],
      "owners": ["Developer"],
      "dependencies": [
        "Implement the `readJsonFile` method and add error handling for empty files"
      ],
      "acceptance_criteria": [
        "The `ingestLogRecords` function returns a list of `LogEntry` objects."
      ],
      "risks": []
    }
  ]
}

================================================================================
