
================================================================================
Planning Iteration - 2025-10-21T02:54:37.661Z
Task ID: eed3cf60-fe58-40c9-88e1-dd6889044106
Workflow ID: eed3cf60-fe58-40c9-88e1-dd6889044106
Branch: milestone/foundation-config
Iteration: 1
Has Breakdown: true
Has Risks: true
Duration: 40815ms
================================================================================

```json
{
  "plan": [
    {
      "goal": "Review existing project files for reference",
      "key_files": ["vite.config.ts", "package.json", "tsconfig.json"],
      "owners": ["lead_engineer"],
      "dependencies": [],
      "acceptance_criteria": [
        "Understand the purpose of each file",
        "Identify dependencies between files"
      ]
    },
    {
      "goal": "Plan engineering work in small, verifiable steps",
      "key_files": [".ma/context/summary.md", ".ma/planning/task-004c60d8-68a8-4060-ab5c-e8a364fb085c-plan.log"],
      "owners": ["lead_engineer"],
      "dependencies": [
        {
          "id": 1,
          "type": "task",
          "persona": "lead_engineer"
        }
      ],
      "acceptance_criteria": [
        "Break down large tasks into smaller ones",
        "Establish clear dependencies between tasks"
      ]
    },
    {
      "goal": "Develop a plan for the next iteration of work",
      "key_files": ["src/ingest/index.ts", "src/ingest/fileIngest.test.ts"],
      "owners": ["lead_engineer"],
      "dependencies": [
        {
          "id": 1,
          "type": "task",
          "persona": "lead_engineer"
        }
      ],
      "acceptance_criteria": [
        "Create a plan for the next iteration of work",
        "Identify key tasks and dependencies for the next iteration"
      ]
    },
    {
      "goal": "Implement config loader and schema validation",
      "key_files": ["src/ingest/fileIngest.ts"],
      "owners": ["lead_engineer"],
      "dependencies": [
        {
          "id": 1,
          "type": "task",
          "persona": "lead_engineer"
        }
      ],
      "acceptance_criteria": [
        "Implement config loader and schema validation",
        "Test the implementation thoroughly"
      ]
    },
    {
      "goal": "Review and refine the plan for the next iteration of work",
      "key_files": [".ma/context/summary.md", ".ma/planning/task-004c60d8-68a8-4060-ab5c-e8a364fb085c-plan.log"],
      "owners": ["lead_engineer"],
      "dependencies": [
        {
          "id": 1,
          "type": "task",
          "persona": "lead_engineer"
        }
      ],
      "acceptance_criteria": [
        "Review and refine the plan for the next iteration of work",
        "Establish clear goals and objectives for the next iteration"
      ]
    }
  ],
  "risks": [
    {
      "id": 1,
      "description": "Insufficient resources or time to complete tasks",
      "likelihood": "high",
      "impact": "critical"
    },
    {
      "id": 2,
      "description": "Changes in project requirements or scope",
      "likelihood": "medium",
      "impact": "high"
    }
  ],
  "open_questions": [
    {
      "id": 1,
      "description": "How will we ensure that the config loader and schema validation implementation meets all requirements?"
    },
    {
      "id": 2,
      "description": "What are the key dependencies between tasks in the next iteration of work?"
    }
  ],
  "notes": [
    {
      "id": 1,
      "description": "Review existing project files for reference before planning engineering work"
    },
    {
      "id": 2,
      "description": "Establish clear goals and objectives for each task in the next iteration of work"
    }
  ]
}
```

================================================================================
