
================================================================================
Planning Iteration - 2025-10-19T05:00:20.358Z
Task ID: 861641bf-e3c4-48a3-8114-c893843eb3ad
Workflow ID: 861641bf-e3c4-48a3-8114-c893843eb3ad
Branch: milestone/local-log-ingestion
Iteration: 1
Has Breakdown: false
Has Risks: true
Duration: 14099ms
================================================================================

```json
{
  "plan": [
    {
      "goal": "Fix potential issue with fileIngest.test.ts",
      "key_files": ["fileIngest.test.ts"],
      "owners": ["QA Engineer"],
      "dependencies": [],
      "acceptance_criteria": [
        "The test case for FileIngest in fileIngest.test.ts should pass without errors.",
        "The created file should be properly cleaned up after each test run."
      ],
      "risks": [
        "If the cleanup mechanism is not implemented correctly, it may cause issues with the test framework or other parts of the project."
      ]
    },
    {
      "goal": "Add beforeEach hook to delete created file in fileIngest.test.ts",
      "key_files": ["fileIngest.test.ts"],
      "owners": ["QA Engineer"],
      "dependencies": [],
      "acceptance_criteria": [
        "The beforeEach hook should be implemented correctly and delete the created file before each test run.",
        "The test case for FileIngest in fileIngest.test.ts should pass without errors after implementing the beforeEach hook."
      ],
      "citations": ["QA feedback: Potential Root Cause"]
    }
  ]
}
```

================================================================================
