
================================================================================
Planning Iteration - 2025-10-12T21:32:38.111Z
Task ID: 004c60d8-68a8-4060-ab5c-e8a364fb085c
Workflow ID: 583a46bd-3cbf-48ad-b195-b331d2483355
Branch: milestone/local-log-ingestion
Iteration: 1
Has Breakdown: false
Has Risks: true
Duration: 15832ms
================================================================================

{
  "plan": [
    {
      "goal": "Review and document current log ingestion functionality",
      "key_files": [
        "src/fileIngest.ts",
        "src/ingestion.ts",
        "src/fileIngest.test.ts",
        "src/ingestion.test.ts"
      ],
      "owners": [
        "developer"
      ],
      "dependencies": [],
      "acceptance_criteria": [
        "Understand current ingestion logic",
        "Identify gaps or areas for improvement",
        "Document findings in PROJECT_PLAN.md"
      ]
    },
    {
      "goal": "Create a new feature branch for local log ingestion enhancements",
      "key_files": [],
      "owners": [
        "developer"
      ],
      "dependencies": [
        "Review and document current log ingestion functionality"
      ],
      "acceptance_criteria": [
        "Feature branch created with descriptive name",
        "Branch is based on current main branch",
        "All existing tests pass in the new branch"
      ]
    },
    {
      "goal": "Implement unit tests for local log ingestion logic",
      "key_files": [
        "src/fileIngest.test.ts",
        "src/ingestion.test.ts"
      ],
      "owners": [
        "developer"
      ],
      "dependencies": [
        "Create a new feature branch for local log ingestion enhancements"
      ],
      "acceptance_criteria": [
        "New test cases added to cover edge cases",
        "All existing tests continue to pass",
        "Test coverage for ingestion logic improved"
      ]
    },
    {
      "goal": "Refactor and enhance local log ingestion to support new features",
      "key_files": [
        "src/fileIngest.ts",
        "src/ingestion.ts"
      ],
      "owners": [
        "developer"
      ],
      "dependencies": [
        "Implement unit tests for local log ingestion logic"
      ],
      "acceptance_criteria": [
        "Code refactored to support new ingestion features",
        "No breaking changes to existing functionality",
        "Enhanced error handling and logging added"
      ]
    },
    {
      "goal": "Update documentation to reflect new ingestion capabilities",
      "key_files": [
        "PROJECT_PLAN.md",
        "README.md"
      ],
      "owners": [
        "developer"
      ],
      "dependencies": [
        "Refactor and enhance local log ingestion to support new features"
      ],
      "acceptance_criteria": [
        "Documentation updated with new ingestion capabilities",
        "Examples or usage instructions included where relevant",
        "Project README reflects any changes in setup or usage"
      ]
    }
  ],
  "risks": [
    "Potential breaking changes to existing ingestion logic if not carefully refactored",
    "Risk of missing edge cases in new unit tests"
  ],
  "open_questions": [
    "Are there specific requirements or constraints for local log ingestion that should be considered?",
    "Should the new ingestion logic support specific file formats or log structures beyond what's currently supported?"
  ],
  "notes": [
    "The project appears to be focused on ingestion and UI rendering of machine client logs.",
    "Current ingestion logic is split between fileIngest.ts and ingestion.ts, which should be reviewed for consistency.",
    "The project uses TypeScript and Vite, so any enhancements should align with these technologies."
  ]
}

================================================================================
