
================================================================================
Code Review - 2025-10-19T01:24:22.334Z
Task ID: e462cf10-cc6c-4deb-bd33-0b4e8dfb252e
Workflow ID: e462cf10-cc6c-4deb-bd33-0b4e8dfb252e
Branch: milestone/local-log-ingestion
Status: FAIL
Duration: 20429ms
================================================================================

SUMMARY: Code review found several issues, including severe compile errors and high-priority maintainability concerns.

FINDINGS BY SEVERITY:

SEVERE (1):
  - File: src/ingest/fileIngest.ts:5
    Issue: Missing import statement for 'fs' in fileIngest function, causing a compile error.
    Recommendation: Add the missing import statement or refactor the code to avoid using 'fs' directly.

HIGH (2):
  - File: src/ingestion.ts
    Issue: Large file (>500 lines) with complex nested logic, making it difficult to maintain.
    Recommendation: Split the large file into smaller modules or refactor the code to reduce complexity.
  - File: src/ingest/fileIngest.ts:10
    Issue: Long method (>100 lines) with repeated code, making it hard to maintain.
    Recommendation: Extract the repeated code into separate functions or refactor the method to reduce its length.

MEDIUM (2):
  - File: src/ingest/logSummarizer.test.ts:5
    Issue: Unused import statement for 'fs', causing unnecessary overhead.
    Recommendation: Remove the unused import statement to improve code cleanliness.
  - File: src/ingest/fileIngest.test.ts:10
    Issue: Repeated test code, making it hard to maintain.
    Recommendation: Extract the repeated test code into separate functions or refactor the tests to reduce repetition.

LOW (2):
  - File: README.md
    Issue: Outdated file reference in README, causing confusion.
    Recommendation: Update the README to reflect the current project structure and files.
  - File: src/ingest/logEntry.ts:5
    Issue: Unused type parameter 'T' in LogEntry interface, making it harder to understand.
    Recommendation: Remove the unused type parameter or refactor the interface to improve clarity.

================================================================================
FULL RESPONSE:
================================================================================

```json
{
  "status": "fail",
  "summary": "Code review found several issues, including severe compile errors and high-priority maintainability concerns.",
  "findings": {
    "severe": [
      {
        "file": "src/ingest/fileIngest.ts",
        "line": 5,
        "issue": "Missing import statement for 'fs' in fileIngest function, causing a compile error.",
        "recommendation": "Add the missing import statement or refactor the code to avoid using 'fs' directly."
      }
    ],
    "high": [
      {
        "file": "src/ingestion.ts",
        "line": null,
        "issue": "Large file (>500 lines) with complex nested logic, making it difficult to maintain.",
        "recommendation": "Split the large file into smaller modules or refactor the code to reduce complexity."
      },
      {
        "file": "src/ingest/fileIngest.ts",
        "line": 10,
        "issue": "Long method (>100 lines) with repeated code, making it hard to maintain.",
        "recommendation": "Extract the repeated code into separate functions or refactor the method to reduce its length."
      }
    ],
    "medium": [
      {
        "file": "src/ingest/logSummarizer.test.ts",
        "line": 5,
        "issue": "Unused import statement for 'fs', causing unnecessary overhead.",
        "recommendation": "Remove the unused import statement to improve code cleanliness."
      },
      {
        "file": "src/ingest/fileIngest.test.ts",
        "line": 10,
        "issue": "Repeated test code, making it hard to maintain.",
        "recommendation": "Extract the repeated test code into separate functions or refactor the tests to reduce repetition."
      }
    ],
    "low": [
      {
        "file": "README.md",
        "line": null,
        "issue": "Outdated file reference in README, causing confusion.",
        "recommendation": "Update the README to reflect the current project structure and files."
      },
      {
        "file": "src/ingest/logEntry.ts",
        "line": 5,
        "issue": "Unused type parameter 'T' in LogEntry interface, making it harder to understand.",
        "recommendation": "Remove the unused type parameter or refactor the interface to improve clarity."
      }
    ]
  }
}
```

================================================================================
