
================================================================================
Code Review - 2025-10-19T04:54:51.414Z
Task ID: c73e2214-3baa-438c-a7fb-519ba22a5b2d
Workflow ID: c73e2214-3baa-438c-a7fb-519ba22a5b2d
Branch: milestone/local-log-ingestion
Status: FAIL
Duration: 41366ms
================================================================================

SUMMARY: Code review failed due to severe maintainability issues and lint violations.

FINDINGS BY SEVERITY:

SEVERE (6):
  - File: src/ingestion.ts:5
    Issue: The `FileIngest` class is not properly initialized before being used. This can lead to unexpected behavior or errors.
    Recommendation: Create an instance of the `FileIngest` class and use it to read JSON files.
  - File: src/ingestion.ts:6
    Issue: The `Promise.all()` method is used with a callback function that returns a promise. However, the callback function does not handle any potential errors that may occur during file reading.
    Recommendation: Use `try-catch` blocks to handle potential errors when reading files.
  - File: src/ingestion.ts:6
    Issue: The `Promise.all()` method is used with a callback function that returns an array of promises. However, the callback function does not handle any potential errors that may occur during file reading.
    Recommendation: Use `try-catch` blocks to handle potential errors when reading files.
  - File: src/ingestion.ts:7
    Issue: The `then()` method is used with a callback function that returns an array of log entries. However, the callback function does not handle any potential errors that may occur during file reading.
    Recommendation: Use `try-catch` blocks to handle potential errors when reading files.
  - File: src/ingestion.ts:7
    Issue: The `then()` method is used with a callback function that returns an array of log entries. However, the callback function does not handle any potential errors that may occur during file reading.
    Recommendation: Use `try-catch` blocks to handle potential errors when reading files.
  - File: src/ingestion.ts:8
    Issue: The `expect()` function is used with an array of log entries. However, the expectation does not cover all possible scenarios.
    Recommendation: Use a more robust assertion library or add additional expectations to cover all possible scenarios.

HIGH (2):
  - File: src/ingestion.ts:3
    Issue: The `ingestLogRecords()` function uses a callback function with `Promise.all()`. However, this can lead to tight coupling between the caller and the callee.
    Recommendation: Consider using a more functional programming approach or a library like RxJS to handle asynchronous operations.
  - File: src/ingestion.ts:5
    Issue: The `FileIngest` class is not properly initialized before being used. This can lead to unexpected behavior or errors.
    Recommendation: Create an instance of the `FileIngest` class and use it to read JSON files.

MEDIUM (2):
  - File: src/ingestion.ts:6
    Issue: The `Promise.all()` method is used with a callback function that returns an array of promises. However, the callback function does not handle any potential errors that may occur during file reading.
    Recommendation: Use `try-catch` blocks to handle potential errors when reading files.
  - File: src/ingestion.ts:7
    Issue: The `then()` method is used with a callback function that returns an array of log entries. However, the callback function does not handle any potential errors that may occur during file reading.
    Recommendation: Use `try-catch` blocks to handle potential errors when reading files.

LOW (1):
  - File: src/ingestion.ts:5
    Issue: The `FileIngest` class is not properly initialized before being used. This can lead to unexpected behavior or errors.
    Recommendation: Create an instance of the `FileIngest` class and use it to read JSON files.

================================================================================
FULL RESPONSE:
================================================================================

```json
{
  "status": "fail",
  "summary": "Code review failed due to severe maintainability issues and lint violations.",
  "findings": {
    "severe": [
      {
        "file": "src/ingestion.ts",
        "line": 5,
        "issue": "The `FileIngest` class is not properly initialized before being used. This can lead to unexpected behavior or errors.",
        "recommendation": "Create an instance of the `FileIngest` class and use it to read JSON files."
      },
      {
        "file": "src/ingestion.ts",
        "line": 6,
        "issue": "The `Promise.all()` method is used with a callback function that returns a promise. However, the callback function does not handle any potential errors that may occur during file reading.",
        "recommendation": "Use `try-catch` blocks to handle potential errors when reading files."
      },
      {
        "file": "src/ingestion.ts",
        "line": 6,
        "issue": "The `Promise.all()` method is used with a callback function that returns an array of promises. However, the callback function does not handle any potential errors that may occur during file reading.",
        "recommendation": "Use `try-catch` blocks to handle potential errors when reading files."
      },
      {
        "file": "src/ingestion.ts",
        "line": 7,
        "issue": "The `then()` method is used with a callback function that returns an array of log entries. However, the callback function does not handle any potential errors that may occur during file reading.",
        "recommendation": "Use `try-catch` blocks to handle potential errors when reading files."
      },
      {
        "file": "src/ingestion.ts",
        "line": 7,
        "issue": "The `then()` method is used with a callback function that returns an array of log entries. However, the callback function does not handle any potential errors that may occur during file reading.",
        "recommendation": "Use `try-catch` blocks to handle potential errors when reading files."
      },
      {
        "file": "src/ingestion.ts",
        "line": 8,
        "issue": "The `expect()` function is used with an array of log entries. However, the expectation does not cover all possible scenarios.",
        "recommendation": "Use a more robust assertion library or add additional expectations to cover all possible scenarios."
      }
    ],
    "high": [
      {
        "file": "src/ingestion.ts",
        "line": 3,
        "issue": "The `ingestLogRecords()` function uses a callback function with `Promise.all()`. However, this can lead to tight coupling between the caller and the callee.",
        "recommendation": "Consider using a more functional programming approach or a library like RxJS to handle asynchronous operations."
      },
      {
        "file": "src/ingestion.ts",
        "line": 5,
        "issue": "The `FileIngest` class is not properly initialized before being used. This can lead to unexpected behavior or errors.",
        "recommendation": "Create an instance of the `FileIngest` class and use it to read JSON files."
      }
    ],
    "medium": [
      {
        "file": "src/ingestion.ts",
        "line": 6,
        "issue": "The `Promise.all()` method is used with a callback function that returns an array of promises. However, the callback function does not handle any potential errors that may occur during file reading.",
        "recommendation": "Use `try-catch` blocks to handle potential errors when reading files."
      },
      {
        "file": "src/ingestion.ts",
        "line": 7,
        "issue": "The `then()` method is used with a callback function that returns an array of log entries. However, the callback function does not handle any potential errors that may occur during file reading.",
        "recommendation": "Use `try-catch` blocks to handle potential errors when reading files."
      }
    ],
    "low": [
      {
        "file": "src/ingestion.ts",
        "line": 5,
        "issue": "The `FileIngest` class is not properly initialized before being used. This can lead to unexpected behavior or errors.",
        "recommendation": "Create an instance of the `FileIngest` class and use it to read JSON files."
      }
    ]
  }
}
```

================================================================================
