
================================================================================
Code Review - 2025-10-19T04:11:49.493Z
Task ID: e5c627c4-64c0-4b3a-9d55-143f29a8b84d
Workflow ID: e5c627c4-64c0-4b3a-9d55-143f29a8b84d
Branch: milestone/local-log-ingestion
Status: FAIL
Duration: 19928ms
================================================================================

SUMMARY: Code review found severe issues with file structure and naming conventions.

FINDINGS BY SEVERITY:

SEVERE (2):
  - File: src/ingestion.ts:3
    Issue: The ingestion function is tightly coupled to the FileIngest class, violating the single responsibility principle.
    Recommendation: Extract a separate service or utility for file ingestion and normalization.
  - File: src/ingest/fileIngest.ts
    Issue: The file name 'fileIngest' suggests it's responsible for both file ingestion and normalization, which is not clear from the code.
    Recommendation: Rename the file to better reflect its responsibilities or refactor the class to handle only one responsibility.

HIGH (1):
  - File: src/ingestion.ts:4
    Issue: The ingestion function uses Promise.all() which can lead to performance issues if dealing with a large number of files.
    Recommendation: Consider using a more efficient approach, such as processing files in parallel or using a library like 'p-limit'.

MEDIUM (1):
  - File: src/ingest/logSummarizer.test.ts
    Issue: The test file name suggests it's responsible for summarizing logs, but the code only tests ingestion.
    Recommendation: Rename the file to better reflect its responsibilities or refactor the tests to cover both ingestion and summarization.

LOW (1):
  - File: src/ingest/logEntry.ts
    Issue: The LogEntry interface has an optional 'data' property, which may lead to issues with data consistency.
    Recommendation: Consider removing the 'data' property or making it required.

================================================================================
FULL RESPONSE:
================================================================================

```json
{
  "status": "fail",
  "summary": "Code review found severe issues with file structure and naming conventions.",
  "findings": {
    "severe": [
      {
        "file": "src/ingestion.ts",
        "line": 3,
        "issue": "The ingestion function is tightly coupled to the FileIngest class, violating the single responsibility principle.",
        "recommendation": "Extract a separate service or utility for file ingestion and normalization."
      },
      {
        "file": "src/ingest/fileIngest.ts",
        "line": null,
        "issue": "The file name 'fileIngest' suggests it's responsible for both file ingestion and normalization, which is not clear from the code.",
        "recommendation": "Rename the file to better reflect its responsibilities or refactor the class to handle only one responsibility."
      }
    ],
    "high": [
      {
        "file": "src/ingestion.ts",
        "line": 4,
        "issue": "The ingestion function uses Promise.all() which can lead to performance issues if dealing with a large number of files.",
        "recommendation": "Consider using a more efficient approach, such as processing files in parallel or using a library like 'p-limit'."
      }
    ],
    "medium": [
      {
        "file": "src/ingest/logSummarizer.test.ts",
        "line": null,
        "issue": "The test file name suggests it's responsible for summarizing logs, but the code only tests ingestion.",
        "recommendation": "Rename the file to better reflect its responsibilities or refactor the tests to cover both ingestion and summarization."
      }
    ],
    "low": [
      {
        "file": "src/ingest/logEntry.ts",
        "line": null,
        "issue": "The LogEntry interface has an optional 'data' property, which may lead to issues with data consistency.",
        "recommendation": "Consider removing the 'data' property or making it required."
      }
    ]
  }
}
```

================================================================================
