
================================================================================
Code Review - 2025-10-19T02:22:25.224Z
Task ID: f8d78166-c4e5-4842-81e7-fbf220f1a1b0
Workflow ID: f8d78166-c4e5-4842-81e7-fbf220f1a1b0
Branch: milestone/local-log-ingestion
Status: FAIL
Duration: 23522ms
================================================================================

SUMMARY: Code review found several issues, including SEVERE compile/syntax errors and HIGH maintainability concerns.

FINDINGS BY SEVERITY:

SEVERE (2):
  - File: src/ingest/fileIngest.ts
    Issue: Missing import statement for 'fs' in fileIngest function. This will cause a compile error.
    Recommendation: Add the missing import statement: `import * as fs from 'fs';`
  - File: src/ingest/fileIngest.ts
    Issue: The fileIngest function is not properly handling errors. This can lead to unexpected behavior and crashes.
    Recommendation: Use a try-catch block to handle potential errors in the fileIngest function.

HIGH (2):
  - File: src/ingestion.ts
    Issue: The ingestion function is importing the fileIngest function from '../ingest/fileIngest', but this file does not exist. It should be imported from './ingest/fileIngest'.
    Recommendation: Update the import statement to point to the correct location of the fileIngest function.
  - File: src/ingestion.ts
    Issue: The ingestion function is using a deprecated method for reading log files. Consider updating it to use a more modern approach.
    Recommendation: Update the ingestion function to use a more modern approach for reading log files.

MEDIUM (2):
  - File: src/ingest/logSummarizer.test.ts
    Issue: The test file is importing fs from 'fs', but this can cause conflicts with other imports. Consider using a different import statement.
    Recommendation: Update the import statement to avoid potential conflicts.
  - File: src/ingest/fileIngest.test.ts
    Issue: The test file is importing fs from 'fs', but this can cause conflicts with other imports. Consider using a different import statement.
    Recommendation: Update the import statement to avoid potential conflicts.

LOW (1):
  - File: README.md
    Issue: The README file is referencing a non-existent file 'src/ingestion.ts'. Consider updating it to point to the correct location.
    Recommendation: Update the README file to reference the correct location of the ingestion function.

================================================================================
FULL RESPONSE:
================================================================================

```json
{
  "status": "fail",
  "summary": "Code review found several issues, including SEVERE compile/syntax errors and HIGH maintainability concerns.",
  "findings": {
    "severe": [
      {
        "file": "src/ingest/fileIngest.ts",
        "line": null,
        "issue": "Missing import statement for 'fs' in fileIngest function. This will cause a compile error.",
        "recommendation": "Add the missing import statement: `import * as fs from 'fs';`"
      },
      {
        "file": "src/ingest/fileIngest.ts",
        "line": null,
        "issue": "The fileIngest function is not properly handling errors. This can lead to unexpected behavior and crashes.",
        "recommendation": "Use a try-catch block to handle potential errors in the fileIngest function."
      }
    ],
    "high": [
      {
        "file": "src/ingestion.ts",
        "line": null,
        "issue": "The ingestion function is importing the fileIngest function from '../ingest/fileIngest', but this file does not exist. It should be imported from './ingest/fileIngest'.",
        "recommendation": "Update the import statement to point to the correct location of the fileIngest function."
      },
      {
        "file": "src/ingestion.ts",
        "line": null,
        "issue": "The ingestion function is using a deprecated method for reading log files. Consider updating it to use a more modern approach.",
        "recommendation": "Update the ingestion function to use a more modern approach for reading log files."
      }
    ],
    "medium": [
      {
        "file": "src/ingest/logSummarizer.test.ts",
        "line": null,
        "issue": "The test file is importing fs from 'fs', but this can cause conflicts with other imports. Consider using a different import statement.",
        "recommendation": "Update the import statement to avoid potential conflicts."
      },
      {
        "file": "src/ingest/fileIngest.test.ts",
        "line": null,
        "issue": "The test file is importing fs from 'fs', but this can cause conflicts with other imports. Consider using a different import statement.",
        "recommendation": "Update the import statement to avoid potential conflicts."
      }
    ],
    "low": [
      {
        "file": "README.md",
        "line": null,
        "issue": "The README file is referencing a non-existent file 'src/ingestion.ts'. Consider updating it to point to the correct location.",
        "recommendation": "Update the README file to reference the correct location of the ingestion function."
      }
    ]
  }
}
```

================================================================================
