
================================================================================
Code Review - 2025-10-19T03:33:17.362Z
Task ID: 4b231480-60c6-4bc7-aa6a-47a2bafc9807
Workflow ID: 4b231480-60c6-4bc7-aa6a-47a2bafc9807
Branch: milestone/local-log-ingestion
Status: FAIL
Duration: 20820ms
================================================================================

SUMMARY: Code review found several issues, including severe maintainability problems and lint violations.

FINDINGS BY SEVERITY:

SEVERE (2):
  - File: src/ingestion.ts
    Issue: Cyclic dependency detected between src/ingestion.ts and src/fileIngest. This can lead to tight coupling and make the code harder to maintain.
    Recommendation: Refactor the code to remove cyclic dependencies.
  - File: src/ingest/logSummarizer.test.ts
    Issue: Missing import statement for jest. This can cause issues with testing and make it harder to maintain.
    Recommendation: Add missing import statements for jest.

HIGH (1):
  - File: src/fileIngest.ts
    Issue: File is too large (over 500 lines). This can make it harder to maintain and understand.
    Recommendation: Split the file into smaller, more manageable pieces.

MEDIUM (2):
  - File: src/fileIngest.ts
    Issue: Method is too long (over 100 lines). This can make it harder to maintain and understand.
    Recommendation: Split the method into smaller, more manageable pieces.
  - File: tsconfig.json
    Issue: The 'include' option in tsconfig.json is set to ['src/**/*']. This can cause issues with file resolution and make it harder to maintain.
    Recommendation: Update the 'include' option to include only necessary files.

LOW (1):
  - File: README.md
    Issue: The README file does not provide clear instructions on how to use the project. This can make it harder for users to understand and use the project.
    Recommendation: Update the README file to include clear instructions on how to use the project.

================================================================================
FULL RESPONSE:
================================================================================

```json
{
  "status": "fail",
  "summary": "Code review found several issues, including severe maintainability problems and lint violations.",
  "findings": {
    "severe": [
      {
        "file": "src/ingestion.ts",
        "line": null,
        "issue": "Cyclic dependency detected between src/ingestion.ts and src/fileIngest. This can lead to tight coupling and make the code harder to maintain.",
        "recommendation": "Refactor the code to remove cyclic dependencies."
      },
      {
        "file": "src/ingest/logSummarizer.test.ts",
        "line": null,
        "issue": "Missing import statement for jest. This can cause issues with testing and make it harder to maintain.",
        "recommendation": "Add missing import statements for jest."
      }
    ],
    "high": [
      {
        "file": "src/fileIngest.ts",
        "line": null,
        "issue": "File is too large (over 500 lines). This can make it harder to maintain and understand.",
        "recommendation": "Split the file into smaller, more manageable pieces."
      }
    ],
    "medium": [
      {
        "file": "src/fileIngest.ts",
        "line": null,
        "issue": "Method is too long (over 100 lines). This can make it harder to maintain and understand.",
        "recommendation": "Split the method into smaller, more manageable pieces."
      },
      {
        "file": "tsconfig.json",
        "line": null,
        "issue": "The 'include' option in tsconfig.json is set to ['src/**/*']. This can cause issues with file resolution and make it harder to maintain.",
        "recommendation": "Update the 'include' option to include only necessary files."
      }
    ],
    "low": [
      {
        "file": "README.md",
        "line": null,
        "issue": "The README file does not provide clear instructions on how to use the project. This can make it harder for users to understand and use the project.",
        "recommendation": "Update the README file to include clear instructions on how to use the project."
      }
    ]
  }
}
```

================================================================================
