
================================================================================
Code Review - 2025-10-19T01:23:50.074Z
Task ID: 52658c0d-ccf3-4791-90f2-76e38cf9f184
Workflow ID: 52658c0d-ccf3-4791-90f2-76e38cf9f184
Branch: milestone/local-log-ingestion
Status: FAIL
Duration: 20646ms
================================================================================

SUMMARY: Code review found several issues, including SEVERE and HIGH severity problems.

FINDINGS BY SEVERITY:

SEVERE (2):
  - File: src/ingestion.ts:2
    Issue: Import of fs module is not necessary as it's already imported in fileIngest function.
    Recommendation: Remove unnecessary import statement.
  - File: package.json
    Issue: Missing type definitions for @types/json package. This may cause compilation errors or issues during development.
    Recommendation: Install and configure type definitions for the package.

HIGH (2):
  - File: src/ingest/fileIngest.ts
    Issue: The fileIngest function is not properly organized. It's doing multiple tasks, including reading JSON files and returning normalized records.
    Recommendation: Consider breaking down the function into smaller, more manageable pieces.
  - File: src/ingest/fileIngest.ts
    Issue: The fileIngest function is not properly tested. There are multiple test files for this function, but they're not comprehensive.
    Recommendation: Write more comprehensive tests for the fileIngest function.

MEDIUM (2):
  - File: src/ingest/logSummarizer.test.ts
    Issue: The test file is importing fs module, but it's not necessary. The fileIngest function already imports fs.
    Recommendation: Remove unnecessary import statement.
  - File: src/ingest/fileIngest.ts:10
    Issue: The code is using a variable named 'data' which can be confusing. Consider renaming it to something more descriptive.
    Recommendation: Rename the variable to something more descriptive.

LOW (1):
  - File: README.md
    Issue: The README file is not properly formatted. It's missing a clear description of the project and its goals.
    Recommendation: Update the README file to include a clear description of the project.

================================================================================
FULL RESPONSE:
================================================================================

```json
{
  "status": "fail",
  "summary": "Code review found several issues, including SEVERE and HIGH severity problems.",
  "findings": {
    "severe": [
      {
        "file": "src/ingestion.ts",
        "line": 2,
        "issue": "Import of fs module is not necessary as it's already imported in fileIngest function.",
        "recommendation": "Remove unnecessary import statement."
      },
      {
        "file": "package.json",
        "line": null,
        "issue": "Missing type definitions for @types/json package. This may cause compilation errors or issues during development.",
        "recommendation": "Install and configure type definitions for the package."
      }
    ],
    "high": [
      {
        "file": "src/ingest/fileIngest.ts",
        "line": null,
        "issue": "The fileIngest function is not properly organized. It's doing multiple tasks, including reading JSON files and returning normalized records.",
        "recommendation": "Consider breaking down the function into smaller, more manageable pieces."
      },
      {
        "file": "src/ingest/fileIngest.ts",
        "line": null,
        "issue": "The fileIngest function is not properly tested. There are multiple test files for this function, but they're not comprehensive.",
        "recommendation": "Write more comprehensive tests for the fileIngest function."
      }
    ],
    "medium": [
      {
        "file": "src/ingest/logSummarizer.test.ts",
        "line": null,
        "issue": "The test file is importing fs module, but it's not necessary. The fileIngest function already imports fs.",
        "recommendation": "Remove unnecessary import statement."
      },
      {
        "file": "src/ingest/fileIngest.ts",
        "line": 10,
        "issue": "The code is using a variable named 'data' which can be confusing. Consider renaming it to something more descriptive.",
        "recommendation": "Rename the variable to something more descriptive."
      }
    ],
    "low": [
      {
        "file": "README.md",
        "line": null,
        "issue": "The README file is not properly formatted. It's missing a clear description of the project and its goals.",
        "recommendation": "Update the README file to include a clear description of the project."
      }
    ]
  }
}
```

================================================================================
