
================================================================================
Code Review - 2025-10-19T01:21:55.997Z
Task ID: d1251434-0e70-4efa-a80e-0ce244869644
Workflow ID: d1251434-0e70-4efa-a80e-0ce244869644
Branch: milestone/local-log-ingestion
Status: FAIL
Duration: 23913ms
================================================================================

SUMMARY: The code review found several severe and high-level issues, including compile/syntax errors, maintainability problems, and organization issues.

FINDINGS BY SEVERITY:

SEVERE (4):
  - File: src/ingest/fileIngest.ts:1
    Issue: The fileIngest function is not defined in this file. It should be moved to a separate module or imported from another file.
    Recommendation: Move the fileIngest function to a separate module or import it from another file.
  - File: src/ingest/fileIngest.ts:2
    Issue: The fs module is not properly imported. It should be imported with the correct path.
    Recommendation: Import the fs module correctly, e.g., import * as fs from 'fs';
  - File: src/ingest/logSummarizer.test.ts:1
    Issue: The fileIngest function is not properly imported. It should be imported with the correct path.
    Recommendation: Import the fileIngest function correctly, e.g., import { fileIngest } from './fileIngest';
  - File: src/ingest/fileIngest.test.ts:1
    Issue: The fileIngest function is not properly imported. It should be imported with the correct path.
    Recommendation: Import the fileIngest function correctly, e.g., import { fileIngest } from './fileIngest';

HIGH (2):
  - File: src/ingestion.ts:1
    Issue: The ingestion function is not defined in this file. It should be moved to a separate module or imported from another file.
    Recommendation: Move the ingestion function to a separate module or import it from another file.
  - File: src/ingest/logEntry.ts:1
    Issue: The LogEntry interface is not properly exported. It should be exported with the correct syntax.
    Recommendation: Export the LogEntry interface correctly, e.g., export { LogEntry };

MEDIUM (1):
  - File: src/ingest/fileIngest.ts:3
    Issue: The fileIngest function has a long method with more than 100 lines. It should be refactored into smaller functions.
    Recommendation: Refactor the fileIngest function into smaller functions.

LOW (0):

================================================================================
FULL RESPONSE:
================================================================================

```json
{
  "status": "fail",
  "summary": "The code review found several severe and high-level issues, including compile/syntax errors, maintainability problems, and organization issues.",
  "findings": {
    "severe": [
      {
        "file": "src/ingest/fileIngest.ts",
        "line": 1,
        "issue": "The fileIngest function is not defined in this file. It should be moved to a separate module or imported from another file.",
        "recommendation": "Move the fileIngest function to a separate module or import it from another file."
      },
      {
        "file": "src/ingest/fileIngest.ts",
        "line": 2,
        "issue": "The fs module is not properly imported. It should be imported with the correct path.",
        "recommendation": "Import the fs module correctly, e.g., import * as fs from 'fs';"
      },
      {
        "file": "src/ingest/logSummarizer.test.ts",
        "line": 1,
        "issue": "The fileIngest function is not properly imported. It should be imported with the correct path.",
        "recommendation": "Import the fileIngest function correctly, e.g., import { fileIngest } from './fileIngest';"
      },
      {
        "file": "src/ingest/fileIngest.test.ts",
        "line": 1,
        "issue": "The fileIngest function is not properly imported. It should be imported with the correct path.",
        "recommendation": "Import the fileIngest function correctly, e.g., import { fileIngest } from './fileIngest';"
      }
    ],
    "high": [
      {
        "file": "src/ingestion.ts",
        "line": 1,
        "issue": "The ingestion function is not defined in this file. It should be moved to a separate module or imported from another file.",
        "recommendation": "Move the ingestion function to a separate module or import it from another file."
      },
      {
        "file": "src/ingest/logEntry.ts",
        "line": 1,
        "issue": "The LogEntry interface is not properly exported. It should be exported with the correct syntax.",
        "recommendation": "Export the LogEntry interface correctly, e.g., export { LogEntry };"
      }
    ],
    "medium": [
      {
        "file": "src/ingest/fileIngest.ts",
        "line": 3,
        "issue": "The fileIngest function has a long method with more than 100 lines. It should be refactored into smaller functions.",
        "recommendation": "Refactor the fileIngest function into smaller functions."
      }
    ],
    "low": []
  }
}
```

================================================================================
