
================================================================================
Code Review - 2025-10-19T01:21:16.947Z
Task ID: 936576ce-fbbf-47a3-806a-53719533ba3d
Workflow ID: 936576ce-fbbf-47a3-806a-53719533ba3d
Branch: milestone/local-log-ingestion
Status: FAIL
Duration: 24882ms
================================================================================

SUMMARY: Multiple issues found in the codebase, including severe compile/syntax errors and high maintainability concerns.

FINDINGS BY SEVERITY:

SEVERE (2):
  - File: src/ingest/fileIngest.ts:1
    Issue: Missing import statement for 'fs' module in fileIngest function.
    Recommendation: Add the missing import statement to fix the issue.
  - File: src/ingestion.ts:2
    Issue: Unused import of 'fs' module.
    Recommendation: Remove the unused import statement to declutter the code.

HIGH (2):
  - File: src/ingest/fileIngest.ts:10
    Issue: Method 'fileIngest' is too long (>100 lines) and has complex nested logic.
    Recommendation: Break down the method into smaller, more manageable functions to improve maintainability.
  - File: src/ingest/logSummarizer.test.ts:5
    Issue: Test file is too large (>500 lines) and has multiple unrelated tests.
    Recommendation: Split the test file into smaller, more focused files to improve maintainability.

MEDIUM (2):
  - File: src/ingest/fileIngest.ts:20
    Issue: Variable 'data' is not properly typed.
    Recommendation: Add proper typing for the variable to improve code readability and maintainability.
  - File: src/ingestion.ts:10
    Issue: Function 'fileIngest' has a long name and is not descriptive enough.
    Recommendation: Rename the function to something more descriptive and concise.

LOW (2):
  - File: README.md
    Issue: README file does not provide clear instructions for building and running the project.
    Recommendation: Update the README file with clear instructions for building and running the project.
  - File: src/ingest/logEntry.ts:5
    Issue: Interface 'LogEntry' has an optional property 'data' that is not properly typed.
    Recommendation: Add proper typing for the optional property to improve code readability and maintainability.

================================================================================
FULL RESPONSE:
================================================================================

```json
{
  "status": "fail",
  "summary": "Multiple issues found in the codebase, including severe compile/syntax errors and high maintainability concerns.",
  "findings": {
    "severe": [
      {
        "file": "src/ingest/fileIngest.ts",
        "line": 1,
        "issue": "Missing import statement for 'fs' module in fileIngest function.",
        "recommendation": "Add the missing import statement to fix the issue."
      },
      {
        "file": "src/ingestion.ts",
        "line": 2,
        "issue": "Unused import of 'fs' module.",
        "recommendation": "Remove the unused import statement to declutter the code."
      }
    ],
    "high": [
      {
        "file": "src/ingest/fileIngest.ts",
        "line": 10,
        "issue": "Method 'fileIngest' is too long (>100 lines) and has complex nested logic.",
        "recommendation": "Break down the method into smaller, more manageable functions to improve maintainability."
      },
      {
        "file": "src/ingest/logSummarizer.test.ts",
        "line": 5,
        "issue": "Test file is too large (>500 lines) and has multiple unrelated tests.",
        "recommendation": "Split the test file into smaller, more focused files to improve maintainability."
      }
    ],
    "medium": [
      {
        "file": "src/ingest/fileIngest.ts",
        "line": 20,
        "issue": "Variable 'data' is not properly typed.",
        "recommendation": "Add proper typing for the variable to improve code readability and maintainability."
      },
      {
        "file": "src/ingestion.ts",
        "line": 10,
        "issue": "Function 'fileIngest' has a long name and is not descriptive enough.",
        "recommendation": "Rename the function to something more descriptive and concise."
      }
    ],
    "low": [
      {
        "file": "README.md",
        "line": null,
        "issue": "README file does not provide clear instructions for building and running the project.",
        "recommendation": "Update the README file with clear instructions for building and running the project."
      },
      {
        "file": "src/ingest/logEntry.ts",
        "line": 5,
        "issue": "Interface 'LogEntry' has an optional property 'data' that is not properly typed.",
        "recommendation": "Add proper typing for the optional property to improve code readability and maintainability."
      }
    ]
  }
}
```

================================================================================
