
================================================================================
Code Review - 2025-10-19T01:22:37.993Z
Task ID: 6a40b1a7-e18c-4d31-a4be-f3a6e578b57f
Workflow ID: 6a40b1a7-e18c-4d31-a4be-f3a6e578b57f
Branch: milestone/local-log-ingestion
Status: FAIL
Duration: 21580ms
================================================================================

SUMMARY: Code review found several severe and high-level issues in the project.

FINDINGS BY SEVERITY:

SEVERE (2):
  - File: src/ingest/fileIngest.ts:1
    Issue: The fileIngest function is not exported correctly, causing a circular dependency issue.
    Recommendation: Export the fileIngest function correctly and refactor the import statements.
  - File: src/ingest/logSummarizer.test.ts:1
    Issue: The fs module is imported twice in this file, causing a duplicate import issue.
    Recommendation: Remove one of the imports to avoid duplication.

HIGH (2):
  - File: src/ingestion.ts:1
    Issue: The ingestion function is not clear about its purpose and functionality. It would be better to break it down into smaller functions.
    Recommendation: Refactor the ingestion function into smaller, more manageable pieces.
  - File: src/ingest/fileIngest.ts:10
    Issue: The fileIngest function is too long and complex. It would be better to break it down into smaller functions.
    Recommendation: Refactor the fileIngest function into smaller, more manageable pieces.

MEDIUM (2):
  - File: src/ingest/fileIngest.ts:15
    Issue: The fileIngest function uses a complex regular expression to parse the log files. It would be better to use a simpler approach.
    Recommendation: Refactor the regular expression to make it more readable and maintainable.
  - File: src/ingest/logEntry.ts:1
    Issue: The LogEntry interface is not exported correctly, causing a circular dependency issue.
    Recommendation: Export the LogEntry interface correctly and refactor the import statements.

LOW (1):
  - File: src/ingest/fileIngest.ts:20
    Issue: The fileIngest function could be improved by adding more comments to explain its functionality.
    Recommendation: Add more comments to the fileIngest function to make it more readable.

================================================================================
FULL RESPONSE:
================================================================================

```json
{
  "status": "fail",
  "summary": "Code review found several severe and high-level issues in the project.",
  "findings": {
    "severe": [
      {
        "file": "src/ingest/fileIngest.ts",
        "line": 1,
        "issue": "The fileIngest function is not exported correctly, causing a circular dependency issue.",
        "recommendation": "Export the fileIngest function correctly and refactor the import statements."
      },
      {
        "file": "src/ingest/logSummarizer.test.ts",
        "line": 1,
        "issue": "The fs module is imported twice in this file, causing a duplicate import issue.",
        "recommendation": "Remove one of the imports to avoid duplication."
      }
    ],
    "high": [
      {
        "file": "src/ingestion.ts",
        "line": 1,
        "issue": "The ingestion function is not clear about its purpose and functionality. It would be better to break it down into smaller functions.",
        "recommendation": "Refactor the ingestion function into smaller, more manageable pieces."
      },
      {
        "file": "src/ingest/fileIngest.ts",
        "line": 10,
        "issue": "The fileIngest function is too long and complex. It would be better to break it down into smaller functions.",
        "recommendation": "Refactor the fileIngest function into smaller, more manageable pieces."
      }
    ],
    "medium": [
      {
        "file": "src/ingest/fileIngest.ts",
        "line": 15,
        "issue": "The fileIngest function uses a complex regular expression to parse the log files. It would be better to use a simpler approach.",
        "recommendation": "Refactor the regular expression to make it more readable and maintainable."
      },
      {
        "file": "src/ingest/logEntry.ts",
        "line": 1,
        "issue": "The LogEntry interface is not exported correctly, causing a circular dependency issue.",
        "recommendation": "Export the LogEntry interface correctly and refactor the import statements."
      }
    ],
    "low": [
      {
        "file": "src/ingest/fileIngest.ts",
        "line": 20,
        "issue": "The fileIngest function could be improved by adding more comments to explain its functionality.",
        "recommendation": "Add more comments to the fileIngest function to make it more readable."
      }
    ]
  }
}
```

================================================================================
