
================================================================================
Code Review - 2025-10-19T12:55:46.092Z
Task ID: 9ca72852-6cf4-49ad-8f84-79a67ff92d9a
Workflow ID: 9ca72852-6cf4-49ad-8f84-79a67ff92d9a
Branch: milestone/local-log-ingestion
Status: FAIL
Duration: 18604ms
================================================================================

SUMMARY: Multiple severe and high-level findings in the codebase. The most critical issues include a missing implementation for src/ingest/fileIngest.ts, potential lint violations due to outdated dependencies, and maintainability concerns.

FINDINGS BY SEVERITY:

SEVERE (2):
  - File: src/ingestion.ts
    Issue: Missing implementation for FileIngest class in src/ingest/fileIngest.ts
    Recommendation: Implement the missing class and ensure it meets the requirements of the ingestLogRecords function.
  - File: src/ingestion.ts:5
    Issue: Potential lint violation due to outdated dependency (@types/json)
    Recommendation: Update the dependency to a more recent version or consider removing it if not necessary.

HIGH (2):
  - File: src/ingestion.ts:5
    Issue: Potential performance issue due to repeated creation of FileIngest instances
    Recommendation: Consider reusing the same instance of FileIngest or using a singleton pattern to improve performance.
  - File: src/ingest/logSummarizer.test.ts
    Issue: Missing test coverage for ingestLogRecords function
    Recommendation: Add more comprehensive tests to ensure the function behaves as expected in various scenarios.

MEDIUM (1):
  - File: src/ingest/logEntry.ts:3
    Issue: Potential code smell due to unused properties in LogEntry interface
    Recommendation: Remove or refactor the unused properties to improve code maintainability.

LOW (0):

================================================================================
FULL RESPONSE:
================================================================================

```json
{
  "status": "fail",
  "summary": "Multiple severe and high-level findings in the codebase. The most critical issues include a missing implementation for src/ingest/fileIngest.ts, potential lint violations due to outdated dependencies, and maintainability concerns.",
  "findings": {
    "severe": [
      {
        "file": "src/ingestion.ts",
        "line": null,
        "issue": "Missing implementation for FileIngest class in src/ingest/fileIngest.ts",
        "recommendation": "Implement the missing class and ensure it meets the requirements of the ingestLogRecords function."
      },
      {
        "file": "src/ingestion.ts",
        "line": 5,
        "issue": "Potential lint violation due to outdated dependency (@types/json)",
        "recommendation": "Update the dependency to a more recent version or consider removing it if not necessary."
      }
    ],
    "high": [
      {
        "file": "src/ingestion.ts",
        "line": 5,
        "issue": "Potential performance issue due to repeated creation of FileIngest instances",
        "recommendation": "Consider reusing the same instance of FileIngest or using a singleton pattern to improve performance."
      },
      {
        "file": "src/ingest/logSummarizer.test.ts",
        "line": null,
        "issue": "Missing test coverage for ingestLogRecords function",
        "recommendation": "Add more comprehensive tests to ensure the function behaves as expected in various scenarios."
      }
    ],
    "medium": [
      {
        "file": "src/ingest/logEntry.ts",
        "line": 3,
        "issue": "Potential code smell due to unused properties in LogEntry interface",
        "recommendation": "Remove or refactor the unused properties to improve code maintainability."
      }
    ],
    "low": []
  }
}
```

================================================================================
