
================================================================================
Code Review - 2025-10-19T06:36:06.605Z
Task ID: f4ed0629-aea5-4572-a2ac-d9bbb47fffec
Workflow ID: f4ed0629-aea5-4572-a2ac-d9bbb47fffec
Branch: milestone/local-log-ingestion
Status: FAIL
Duration: 48457ms
================================================================================

SUMMARY: Code review found severe issues with file structure and naming conventions.

FINDINGS BY SEVERITY:

SEVERE (2):
  - File: src/ingestion.ts
    Issue: Inconsistent naming convention: 'ingestion' instead of 'ingest'.
    Recommendation: Rename the file to 'ingest.ts' for consistency.
  - File: src/ingestion.ts:4
    Issue: Potential bug: Unhandled promise rejection when reading JSON files.
    Recommendation: Add error handling for Promise.all() and fileIngest.readJsonFile().

HIGH (2):
  - File: src/ingest/fileIngest.ts
    Issue: Large file (>500 lines) with multiple responsibilities.
    Recommendation: Split the file into smaller modules, each responsible for a single task.
  - File: src/ingest/logSummarizer.test.ts:5
    Issue: Unclear test name: 'log summarizer'.
    Recommendation: Rename the test to something more descriptive, like 'testIngestLogRecordsWithEmptyArray'.

MEDIUM (2):
  - File: src/ingest/fileIngest.ts:10
    Issue: Complex nested logic: Multiple conditional statements.
    Recommendation: Simplify the logic by breaking it down into smaller functions or using a more readable syntax.
  - File: src/ingest/logEntry.ts
    Issue: Unused interface property: 'data'.
    Recommendation: Remove unused properties to declutter the code and improve maintainability.

LOW (2):
  - File: README.md:2
    Issue: Unclear file description: 'A class for ingesting log records from JSON files'.
    Recommendation: Provide a more detailed description of the file's purpose and functionality.
  - File: src/ingest/fileIngest.ts:20
    Issue: Potential improvement: Consider using a more efficient data structure for storing log entries.
    Recommendation: Research and implement a more suitable data structure, such as a binary search tree or a hash table.

================================================================================
FULL RESPONSE:
================================================================================

```json
{
  "status": "fail",
  "summary": "Code review found severe issues with file structure and naming conventions.",
  "findings": {
    "severe": [
      {
        "file": "src/ingestion.ts",
        "line": null,
        "issue": "Inconsistent naming convention: 'ingestion' instead of 'ingest'.",
        "recommendation": "Rename the file to 'ingest.ts' for consistency."
      },
      {
        "file": "src/ingestion.ts",
        "line": 4,
        "issue": "Potential bug: Unhandled promise rejection when reading JSON files.",
        "recommendation": "Add error handling for Promise.all() and fileIngest.readJsonFile()."
      }
    ],
    "high": [
      {
        "file": "src/ingest/fileIngest.ts",
        "line": null,
        "issue": "Large file (>500 lines) with multiple responsibilities.",
        "recommendation": "Split the file into smaller modules, each responsible for a single task."
      },
      {
        "file": "src/ingest/logSummarizer.test.ts",
        "line": 5,
        "issue": "Unclear test name: 'log summarizer'.",
        "recommendation": "Rename the test to something more descriptive, like 'testIngestLogRecordsWithEmptyArray'."
      }
    ],
    "medium": [
      {
        "file": "src/ingest/fileIngest.ts",
        "line": 10,
        "issue": "Complex nested logic: Multiple conditional statements.",
        "recommendation": "Simplify the logic by breaking it down into smaller functions or using a more readable syntax."
      },
      {
        "file": "src/ingest/logEntry.ts",
        "line": null,
        "issue": "Unused interface property: 'data'.",
        "recommendation": "Remove unused properties to declutter the code and improve maintainability."
      }
    ],
    "low": [
      {
        "file": "README.md",
        "line": 2,
        "issue": "Unclear file description: 'A class for ingesting log records from JSON files'.",
        "recommendation": "Provide a more detailed description of the file's purpose and functionality."
      },
      {
        "file": "src/ingest/fileIngest.ts",
        "line": 20,
        "issue": "Potential improvement: Consider using a more efficient data structure for storing log entries.",
        "recommendation": "Research and implement a more suitable data structure, such as a binary search tree or a hash table."
      }
    ]
  }
}
```

================================================================================
