
================================================================================
Code Review - 2025-10-19T01:23:15.508Z
Task ID: 0aac699c-2ce1-42bb-8190-bdb45aea7f4f
Workflow ID: 0aac699c-2ce1-42bb-8190-bdb45aea7f4f
Branch: milestone/local-log-ingestion
Status: FAIL
Duration: 17456ms
================================================================================

SUMMARY: Code review found severe issues in the project.

FINDINGS BY SEVERITY:

SEVERE (1):
  - File: src/ingest/fileIngest.ts:12
    Issue: Duplicate code: The fileIngest function is duplicated across multiple files (src/ingestion.ts, src/ingest/logSummarizer.test.ts, src/ingest/fileIngest.test.ts). This violates the DRY principle.
    Recommendation: Extract the fileIngest function into a separate module or utility file to avoid code duplication.

HIGH (2):
  - File: src/ingestion.ts
    Issue: Unclear naming: The file name 'ingestion.ts' is not descriptive. It should be renamed to better reflect its purpose.
    Recommendation: Rename the file to something more descriptive, such as 'logIngestion.ts'.
  - File: src/ingest/fileIngest.ts:15
    Issue: Complex nested logic: The fileIngest function has complex nested logic that may be difficult to maintain. Consider breaking it down into smaller functions.
    Recommendation: Refactor the fileIngest function to reduce complexity and improve maintainability.

MEDIUM (1):
  - File: src/ingest/logEntry.ts
    Issue: Unused import: The 'fs' module is imported but not used in this file.
    Recommendation: Remove the unused import to declutter the code.

LOW (1):
  - File: vite.config.ts
    Issue: Unused plugin: The 'react' plugin is enabled but not used in the project.
    Recommendation: Remove the unused plugin to declutter the configuration.

================================================================================
FULL RESPONSE:
================================================================================

```json
{
  "status": "fail",
  "summary": "Code review found severe issues in the project.",
  "findings": {
    "severe": [
      {
        "file": "src/ingest/fileIngest.ts",
        "line": 12,
        "issue": "Duplicate code: The fileIngest function is duplicated across multiple files (src/ingestion.ts, src/ingest/logSummarizer.test.ts, src/ingest/fileIngest.test.ts). This violates the DRY principle.",
        "recommendation": "Extract the fileIngest function into a separate module or utility file to avoid code duplication."
      }
    ],
    "high": [
      {
        "file": "src/ingestion.ts",
        "line": null,
        "issue": "Unclear naming: The file name 'ingestion.ts' is not descriptive. It should be renamed to better reflect its purpose.",
        "recommendation": "Rename the file to something more descriptive, such as 'logIngestion.ts'."
      },
      {
        "file": "src/ingest/fileIngest.ts",
        "line": 15,
        "issue": "Complex nested logic: The fileIngest function has complex nested logic that may be difficult to maintain. Consider breaking it down into smaller functions.",
        "recommendation": "Refactor the fileIngest function to reduce complexity and improve maintainability."
      }
    ],
    "medium": [
      {
        "file": "src/ingest/logEntry.ts",
        "line": null,
        "issue": "Unused import: The 'fs' module is imported but not used in this file.",
        "recommendation": "Remove the unused import to declutter the code."
      }
    ],
    "low": [
      {
        "file": "vite.config.ts",
        "line": null,
        "issue": "Unused plugin: The 'react' plugin is enabled but not used in the project.",
        "recommendation": "Remove the unused plugin to declutter the configuration."
      }
    ]
  }
}
```

================================================================================
